<?xml version="1.0"?>
<?mso-application progid="Excel.Sheet"?>
<Workbook xmlns="urn:schemas-microsoft-com:office:spreadsheet"
 xmlns:o="urn:schemas-microsoft-com:office:office" xmlns:x="urn:schemas-microsoft-com:office:excel"
 xmlns:ss="urn:schemas-microsoft-com:office:spreadsheet"
 xmlns:html="http://www.w3.org/TR/REC-html40">
 <DocumentProperties xmlns="urn:schemas-microsoft-com:office:office">
  <Title>The Code</Title>
  <Author>Cahlander, Loren</Author>
  <LastAuthor>Cahlander, Loren</LastAuthor>
  <Created>2018-03-01T15:14:05Z</Created>
  <LastSaved>2018-03-01T16:20:38Z</LastSaved>
  <Company>Example.com</Company>
  <Version>15.00</Version>
 </DocumentProperties>
 <OfficeDocumentSettings xmlns="urn:schemas-microsoft-com:office:office">
  <AllowPNG/>
 </OfficeDocumentSettings>
 <ExcelWorkbook xmlns="urn:schemas-microsoft-com:office:excel">
  <WindowHeight>8940</WindowHeight>
  <WindowWidth>23016</WindowWidth>
  <WindowTopX>0</WindowTopX>
  <WindowTopY>0</WindowTopY>
  <ProtectStructure>False</ProtectStructure>
  <ProtectWindows>False</ProtectWindows>
 </ExcelWorkbook>
 <Styles>
  <Style ss:ID="Default" ss:Name="Normal">
   <Alignment ss:Vertical="Bottom"/>
   <Borders/>
   <Font ss:FontName="Calibri" x:Family="Swiss" ss:Size="11" ss:Color="#000000"/>
   <Interior/>
   <NumberFormat/>
   <Protection/>
  </Style>
  <Style ss:ID="s57">
   <Alignment ss:Vertical="Top" ss:WrapText="1"/>
   <Borders/>
   <Font ss:FontName="Calibri" x:Family="Swiss" ss:Size="11" ss:Color="#000000"/>
   <Interior/>
   <NumberFormat/>
   <Protection/>
  </Style>
 </Styles>
 <Worksheet ss:Name="The Code - Comparison">
  <Table ss:ExpandedColumnCount="8" ss:ExpandedRowCount="6" x:FullColumns="1" x:FullRows="1"
   ss:DefaultRowHeight="14.4">
   <Column ss:Width="63" ss:Span="3"/>
   <Column ss:Index="5" ss:Width="55.2"/>
   <Column ss:AutoFitWidth="0" ss:Width="84"/>
   <Column ss:AutoFitWidth="0" ss:Width="74.400000000000006"/>
   <Column ss:AutoFitWidth="0" ss:Width="65.400000000000006"/>
   <Row ss:AutoFitHeight="0" ss:Height="71.400000000000006">
    <Cell ss:StyleID="s57">
     <Data ss:Type="String">TheCode - v1</Data>
    </Cell>
    <Cell ss:StyleID="s57">
     <Data ss:Type="String">TheCode - v2</Data>
    </Cell>
    <Cell ss:StyleID="s57">
     <Data ss:Type="String">TheCode - v3</Data>
    </Cell>
    <Cell ss:StyleID="s57">
     <Data ss:Type="String">TheCode - v4</Data>
    </Cell>
    <Cell ss:StyleID="s57">
     <Data ss:Type="String">Description</Data>
    </Cell>
    <Cell ss:StyleID="s57">
     <Data ss:Type="String">TheCode - v2 Alternate Description (if different from first)</Data>
    </Cell>
    <Cell ss:StyleID="s57">
     <Data ss:Type="String">TheCode - v3 Alternate Description (if different from first)</Data>
    </Cell>
    <Cell ss:StyleID="s57">
     <Data ss:Type="String">TheCode - v4 Alternate Description (if different from first)</Data>
    </Cell>
   </Row>
   <Row>
    <Cell ss:StyleID="s57">
     <Data ss:Type="String">a</Data>
    </Cell>
    <Cell ss:StyleID="s57">
     <Data ss:Type="String">a</Data>
    </Cell>
    <Cell ss:StyleID="s57">
     <Data ss:Type="String">a</Data>
    </Cell>
    <Cell ss:StyleID="s57">
     <Data ss:Type="String">a</Data>
    </Cell>
    <Cell ss:StyleID="s57">
     <Data ss:Type="String">able</Data>
    </Cell>
    <Cell ss:StyleID="s57">
     <Data ss:Type="String"/>
    </Cell>
    <Cell ss:StyleID="s57">
     <Data ss:Type="String"/>
    </Cell>
    <Cell ss:StyleID="s57">
     <Data ss:Type="String">actor</Data>
    </Cell>
   </Row>
   <Row>
    <Cell ss:StyleID="s57">
     <Data ss:Type="String">b</Data>
    </Cell>
    <Cell ss:StyleID="s57">
     <Data ss:Type="String"/>
    </Cell>
    <Cell ss:StyleID="s57">
     <Data ss:Type="String">b</Data>
    </Cell>
    <Cell ss:StyleID="s57">
     <Data ss:Type="String"/>
    </Cell>
    <Cell ss:StyleID="s57">
     <Data ss:Type="String">baker</Data>
    </Cell>
    <Cell ss:StyleID="s57">
     <Data ss:Type="String"/>
    </Cell>
    <Cell ss:StyleID="s57">
     <Data ss:Type="String">bastte</Data>
    </Cell>
    <Cell ss:StyleID="s57">
     <Data ss:Type="String"/>
    </Cell>
   </Row>
   <Row>
    <Cell ss:StyleID="s57">
     <Data ss:Type="String"/>
    </Cell>
    <Cell ss:StyleID="s57">
     <Data ss:Type="String">c</Data>
    </Cell>
    <Cell ss:StyleID="s57">
     <Data ss:Type="String"/>
    </Cell>
    <Cell ss:StyleID="s57">
     <Data ss:Type="String"/>
    </Cell>
    <Cell ss:StyleID="s57">
     <Data ss:Type="String">charley</Data>
    </Cell>
    <Cell ss:StyleID="s57">
     <Data ss:Type="String"/>
    </Cell>
    <Cell ss:StyleID="s57">
     <Data ss:Type="String"/>
    </Cell>
    <Cell ss:StyleID="s57">
     <Data ss:Type="String"/>
    </Cell>
   </Row>
   <Row>
    <Cell ss:StyleID="s57">
     <Data ss:Type="String"/>
    </Cell>
    <Cell ss:StyleID="s57">
     <Data ss:Type="String">g</Data>
    </Cell>
    <Cell ss:StyleID="s57">
     <Data ss:Type="String">g</Data>
    </Cell>
    <Cell ss:StyleID="s57">
     <Data ss:Type="String">g</Data>
    </Cell>
    <Cell ss:StyleID="s57">
     <Data ss:Type="String">gamma</Data>
    </Cell>
    <Cell ss:StyleID="s57">
     <Data ss:Type="String"/>
    </Cell>
    <Cell ss:StyleID="s57">
     <Data ss:Type="String"/>
    </Cell>
    <Cell ss:StyleID="s57">
     <Data ss:Type="String">gelding</Data>
    </Cell>
   </Row>
   <Row>
    <Cell ss:StyleID="s57">
     <Data ss:Type="String"/>
    </Cell>
    <Cell ss:StyleID="s57">
     <Data ss:Type="String"/>
    </Cell>
    <Cell ss:StyleID="s57">
     <Data ss:Type="String"/>
    </Cell>
    <Cell ss:StyleID="s57">
     <Data ss:Type="String">z</Data>
    </Cell>
    <Cell ss:StyleID="s57">
     <Data ss:Type="String">zebra</Data>
    </Cell>
    <Cell ss:StyleID="s57">
     <Data ss:Type="String"/>
    </Cell>
    <Cell ss:StyleID="s57">
     <Data ss:Type="String"/>
    </Cell>
    <Cell ss:StyleID="s57">
     <Data ss:Type="String"/>
    </Cell>
   </Row>
  </Table>
  <WorksheetOptions xmlns="urn:schemas-microsoft-com:office:excel">
   <Selected/>
   <ProtectObjects>False</ProtectObjects>
   <ProtectScenarios>False</ProtectScenarios>
  </WorksheetOptions>
 </Worksheet>
 <Worksheet ss:Name="TheCode - v1">
  <Table ss:ExpandedColumnCount="2" ss:ExpandedRowCount="3" x:FullColumns="1" x:FullRows="1"
   ss:StyleID="s57" ss:DefaultRowHeight="14.55">
   <Row ss:AutoFitHeight="0">
    <Cell>
     <Data ss:Type="String">Code</Data>
    </Cell>
    <Cell>
     <Data ss:Type="String">Description</Data>
    </Cell>
   </Row>
   <Row ss:AutoFitHeight="0">
    <Cell>
     <Data ss:Type="String">a</Data>
    </Cell>
    <Cell>
     <Data ss:Type="String">able</Data>
    </Cell>
   </Row>
   <Row ss:AutoFitHeight="0">
    <Cell>
     <Data ss:Type="String">b</Data>
    </Cell>
    <Cell>
     <Data ss:Type="String">baker</Data>
    </Cell>
   </Row>
  </Table>
  <WorksheetOptions xmlns="urn:schemas-microsoft-com:office:excel">
   <PageSetup>
    <Header x:Margin="0.3"/>
    <Footer x:Margin="0.3"/>
    <PageMargins x:Bottom="0.75" x:Left="0.7" x:Right="0.7" x:Top="0.75"/>
   </PageSetup>
   <Unsynced/>
   <Print>
    <ValidPrinterInfo/>
    <HorizontalResolution>600</HorizontalResolution>
    <VerticalResolution>0</VerticalResolution>
   </Print>
   <Panes>
    <Pane>
     <Number>3</Number>
     <ActiveRow>2</ActiveRow>
     <ActiveCol>1</ActiveCol>
    </Pane>
   </Panes>
   <ProtectObjects>False</ProtectObjects>
   <ProtectScenarios>False</ProtectScenarios>
  </WorksheetOptions>
 </Worksheet>
 <Worksheet ss:Name="TheCode - v2">
  <Table ss:ExpandedColumnCount="2" ss:ExpandedRowCount="4" x:FullColumns="1" x:FullRows="1"
   ss:DefaultRowHeight="14.55">
   <Row ss:AutoFitHeight="0">
    <Cell>
     <Data ss:Type="String">Code</Data>
    </Cell>
    <Cell>
     <Data ss:Type="String">Description</Data>
    </Cell>
   </Row>
   <Row ss:AutoFitHeight="0">
    <Cell>
     <Data ss:Type="String">a</Data>
    </Cell>
    <Cell>
     <Data ss:Type="String">able</Data>
    </Cell>
   </Row>
   <Row ss:AutoFitHeight="0">
    <Cell>
     <Data ss:Type="String">c</Data>
    </Cell>
    <Cell>
     <Data ss:Type="String">charley</Data>
    </Cell>
   </Row>
   <Row ss:AutoFitHeight="0">
    <Cell>
     <Data ss:Type="String">g</Data>
    </Cell>
    <Cell>
     <Data ss:Type="String">gamma</Data>
    </Cell>
   </Row>
  </Table>
  <WorksheetOptions xmlns="urn:schemas-microsoft-com:office:excel">
   <PageSetup>
    <Header x:Margin="0.3"/>
    <Footer x:Margin="0.3"/>
    <PageMargins x:Bottom="0.75" x:Left="0.7" x:Right="0.7" x:Top="0.75"/>
   </PageSetup>
   <Unsynced/>
   <Panes>
    <Pane>
     <Number>3</Number>
     <ActiveRow>4</ActiveRow>
    </Pane>
   </Panes>
   <ProtectObjects>False</ProtectObjects>
   <ProtectScenarios>False</ProtectScenarios>
  </WorksheetOptions>
 </Worksheet>
 <Worksheet ss:Name="TheCode - v3">
  <Table ss:ExpandedColumnCount="2" ss:ExpandedRowCount="4" x:FullColumns="1" x:FullRows="1"
   ss:DefaultRowHeight="14.55">
   <Row ss:AutoFitHeight="0">
    <Cell>
     <Data ss:Type="String">Code</Data>
    </Cell>
    <Cell>
     <Data ss:Type="String">Description</Data>
    </Cell>
   </Row>
   <Row ss:AutoFitHeight="0">
    <Cell>
     <Data ss:Type="String">a</Data>
    </Cell>
    <Cell>
     <Data ss:Type="String">able</Data>
    </Cell>
   </Row>
   <Row ss:AutoFitHeight="0">
    <Cell>
     <Data ss:Type="String">b</Data>
    </Cell>
    <Cell>
     <Data ss:Type="String">bastte</Data>
    </Cell>
   </Row>
   <Row ss:AutoFitHeight="0">
    <Cell>
     <Data ss:Type="String">g</Data>
    </Cell>
    <Cell>
     <Data ss:Type="String">gamma</Data>
    </Cell>
   </Row>
  </Table>
  <WorksheetOptions xmlns="urn:schemas-microsoft-com:office:excel">
   <PageSetup>
    <Header x:Margin="0.3"/>
    <Footer x:Margin="0.3"/>
    <PageMargins x:Bottom="0.75" x:Left="0.7" x:Right="0.7" x:Top="0.75"/>
   </PageSetup>
   <Unsynced/>
   <Panes>
    <Pane>
     <Number>3</Number>
     <ActiveRow>3</ActiveRow>
     <ActiveCol>1</ActiveCol>
    </Pane>
   </Panes>
   <ProtectObjects>False</ProtectObjects>
   <ProtectScenarios>False</ProtectScenarios>
  </WorksheetOptions>
 </Worksheet>
 <Worksheet ss:Name="TheCode - v4">
  <Table ss:ExpandedColumnCount="2" ss:ExpandedRowCount="4" x:FullColumns="1" x:FullRows="1"
   ss:DefaultRowHeight="14.55">
   <Row ss:AutoFitHeight="0">
    <Cell>
     <Data ss:Type="String">Code</Data>
    </Cell>
    <Cell>
     <Data ss:Type="String">Description</Data>
    </Cell>
   </Row>
   <Row ss:AutoFitHeight="0">
    <Cell>
     <Data ss:Type="String">a</Data>
    </Cell>
    <Cell>
     <Data ss:Type="String">actor</Data>
    </Cell>
   </Row>
   <Row ss:AutoFitHeight="0">
    <Cell>
     <Data ss:Type="String">g</Data>
    </Cell>
    <Cell>
     <Data ss:Type="String">gelding</Data>
    </Cell>
   </Row>
   <Row ss:AutoFitHeight="0">
    <Cell>
     <Data ss:Type="String">z</Data>
    </Cell>
    <Cell>
     <Data ss:Type="String">zebra</Data>
    </Cell>
   </Row>
  </Table>
  <WorksheetOptions xmlns="urn:schemas-microsoft-com:office:excel">
   <PageSetup>
    <Header x:Margin="0.3"/>
    <Footer x:Margin="0.3"/>
    <PageMargins x:Bottom="0.75" x:Left="0.7" x:Right="0.7" x:Top="0.75"/>
   </PageSetup>
   <Unsynced/>
   <Panes>
    <Pane>
     <Number>3</Number>
     <ActiveRow>3</ActiveRow>
     <ActiveCol>1</ActiveCol>
    </Pane>
   </Panes>
   <ProtectObjects>False</ProtectObjects>
   <ProtectScenarios>False</ProtectScenarios>
  </WorksheetOptions>
 </Worksheet>
</Workbook>
